Arguments: 
  /Users/chenkang/.nvm/versions/node/v16.13.2/bin/node /usr/local/bin/yarn

PATH: 
  /Users/chenkang/.nvm/versions/node/v16.13.2/bin:/Users/chenkang/.local/share/solana/install/active_release/bin:/opt/homebrew/bin:/opt/homebrew/sbin:/usr/local/bin:/usr/bin:/bin:/usr/sbin:/sbin:/Library/Apple/usr/bin:/Users/chenkang/.cargo/bin

Yarn version: 
  1.22.17

Node version: 
  16.13.2

Platform: 
  darwin arm64

Trace: 
  Error: ENOENT: no such file or directory, copyfile '/Users/chenkang/Library/Caches/Yarn/v6/npm-buffer-6.0.1-3cbea8c1463e5a0779e30b66d4c88c6ffa182ac2-integrity/node_modules/buffer/AUTHORS.md' -> '/Users/chenkang/Desktop/code/wallet-adapter/packages/starter/create-react-app-starter/node_modules/@solana/web3.js/node_modules/buffer/AUTHORS.md'

npm manifest: 
  {
      "name": "@solana/wallet-adapter-create-react-app-starter",
      "version": "0.1.8",
      "author": "Solana Maintainers <maintainers@solana.foundation>",
      "repository": "https://github.com/solana-labs/wallet-adapter",
      "license": "Apache-2.0",
      "engines": {
          "node": ">=16"
      },
      "publishConfig": {
          "access": "public"
      },
      "files": [
          "public",
          "src",
          ".gitignore",
          "config-overrides.js",
          "LICENSE",
          "package.json",
          "README.md",
          "tsconfig.json"
      ],
      "scripts": {
          "clean": "shx mkdir -p build lib && shx rm -rf build lib",
          "start": "react-app-rewired start",
          "build": "react-app-rewired build",
          "test": "react-app-rewired test",
          "eject": "react-scripts eject"
      },
      "dependencies": {
          "@pngfi/sdk": "^0.9.5",
          "@saberhq/solana-contrib": "^1.14.0",
          "@solana/wallet-adapter-base": "^0.9.16",
          "@solana/wallet-adapter-react": "^0.15.18",
          "@solana/wallet-adapter-react-ui": "^0.9.16",
          "@solana/wallet-adapter-wallets": "^0.18.5",
          "@solana/web3.js": "^1.50.1",
          "decimal.js": "^10.4.0",
          "react": "^18.0.0",
          "react-app-rewired": "^2.2.1",
          "react-dom": "^18.0.0",
          "react-scripts": "5.0.1",
          "web-vitals": "^2.1.4"
      },
      "devDependencies": {
          "@testing-library/jest-dom": "^5.16.5",
          "@testing-library/react": "^13.3.0",
          "@testing-library/user-event": "^14.4.3",
          "@types/jest": "^28.1.7",
          "@types/react": "^18.0.0",
          "@types/react-dom": "^18.0.0",
          "@types/testing-library__jest-dom": "^5.14.5",
          "process": "^0.11.10",
          "shx": "^0.3.4",
          "source-map-loader": "^4.0.0",
          "typescript": "^4.7.4",
          "webpack": "^5.74.0"
      },
      "eslintConfig": {
          "extends": [
              "react-app",
              "react-app/jest"
          ]
      },
      "browserslist": {
          "production": [
              ">0.2%",
              "not dead",
              "not op_mini all"
          ],
          "development": [
              "last 1 chrome version",
              "last 1 firefox version",
              "last 1 safari version"
          ]
      }
  }

yarn manifest: 
  No manifest

Lockfile: 
  No lockfile
